=== Pufu OS Crash Log ===
Dump Time: 1768202166


=== Pufu Bootloader ===
Iniciando carga dinámica del socket...
pufu_so node parser initialized
Nodo inicial cargado: src/userspace/services/session_manager.pufu
Cediendo control al nodo inicial...

                              x
    ▓         ▓               0
    ▓ ▓     ▓ ▓               1
  ▓ ▓ ▓ ▓ ▓ ▓ ▓ ▓     ▓ ▓ ▓   2
  ▓ ▓ ▓ ▓ ▓ ▓ ▓ ▓   ▓ ▓ ▓ ▓ ▓ 3
  ▓     ▓ ▓     ▓   ▓ ▓   ▓ ▓ 4
  ▓     ▓ ▓     ▓   ▓ ▓       5
  ▓ ▓ ▓ ▓ ▓ ▓ ▓ ▓   ▓ ▓ ▓ ▓   6
  ▓ ▓ ▓ ▓ ▓ ▓ ▓ ▓     ▓ ▓ ▓   7
        ▓ ▓             ▓ ▓   8
      ▓ ▓ ▓ ▓ ▓ ▓ ▓ ▓ ▓ ▓ ▓   9
      ▓ ▓ ▓ ▓ ▓ ▓ ▓ ▓ ▓ ▓     A
      ▓     ▓   ▓ ▓   ▓ ▓     B
      ▓     ▓   ▓ ▓   ▓ ▓     C
      ▓     ▓     ▓     ▓     D
                              E
            PUFU!             F
Pardum Felidum Operating System

=== Bienvenido a Pufu OS ===

Cargando nodo inicial...

=== End of Log ===
